This file contains any messages produced by compilers while
running configure, to aid debugging if configure makes a mistake.

It was created by libnfc configure 1.7.0, which was
generated by GNU Autoconf 2.68.  Invocation command line was

  $ ./configure --with-drivers=acr122_usb

## --------- ##
## Platform. ##
## --------- ##

hostname = kwaku1
uname -m = x86_64
uname -r = 3.8.0-33-generic
uname -s = Linux
uname -v = #48~precise1-Ubuntu SMP Thu Oct 24 16:28:06 UTC 2013

/usr/bin/uname -p = unknown
/bin/uname -X     = unknown

/bin/arch              = unknown
/usr/bin/arch -k       = unknown
/usr/convex/getsysinfo = unknown
/usr/bin/hostinfo      = unknown
/bin/machine           = unknown
/usr/bin/oslevel       = unknown
/bin/universe          = unknown

PATH: /home/redbandit/bin
PATH: /usr/lib/lightdm/lightdm
PATH: /usr/local/sbin
PATH: /usr/local/bin
PATH: /usr/sbin
PATH: /usr/bin
PATH: /sbin
PATH: /bin
PATH: /usr/games
PATH: /home/redbandit/bin
PATH: /home/redbandit/android-sdks/platform-tools
PATH: /home/redbandit/android-sdks/tools
PATH: /home/redbandit/android-ndk-r9


## ----------- ##
## Core tests. ##
## ----------- ##

configure:2522: checking for a BSD-compatible install
configure:2590: result: /usr/bin/install -c
configure:2601: checking whether build environment is sane
configure:2651: result: yes
configure:2792: checking for a thread-safe mkdir -p
configure:2831: result: /bin/mkdir -p
configure:2844: checking for gawk
configure:2874: result: no
configure:2844: checking for mawk
configure:2860: found /usr/bin/mawk
configure:2871: result: mawk
configure:2882: checking whether make sets $(MAKE)
configure:2904: result: yes
configure:2996: checking for style of include used by make
configure:3024: result: GNU
configure:3095: checking for gcc
configure:3111: found /usr/bin/gcc
configure:3122: result: gcc
configure:3351: checking for C compiler version
configure:3360: gcc --version >&5
gcc (Ubuntu/Linaro 4.6.3-1ubuntu5) 4.6.3
Copyright (C) 2011 Free Software Foundation, Inc.
This is free software; see the source for copying conditions.  There is NO
warranty; not even for MERCHANTABILITY or FITNESS FOR A PARTICULAR PURPOSE.

configure:3371: $? = 0
configure:3360: gcc -v >&5
Using built-in specs.
COLLECT_GCC=gcc
COLLECT_LTO_WRAPPER=/usr/lib/gcc/x86_64-linux-gnu/4.6/lto-wrapper
Target: x86_64-linux-gnu
Configured with: ../src/configure -v --with-pkgversion='Ubuntu/Linaro 4.6.3-1ubuntu5' --with-bugurl=file:///usr/share/doc/gcc-4.6/README.Bugs --enable-languages=c,c++,fortran,objc,obj-c++ --prefix=/usr --program-suffix=-4.6 --enable-shared --enable-linker-build-id --with-system-zlib --libexecdir=/usr/lib --without-included-gettext --enable-threads=posix --with-gxx-include-dir=/usr/include/c++/4.6 --libdir=/usr/lib --enable-nls --with-sysroot=/ --enable-clocale=gnu --enable-libstdcxx-debug --enable-libstdcxx-time=yes --enable-gnu-unique-object --enable-plugin --enable-objc-gc --disable-werror --with-arch-32=i686 --with-tune=generic --enable-checking=release --build=x86_64-linux-gnu --host=x86_64-linux-gnu --target=x86_64-linux-gnu
Thread model: posix
gcc version 4.6.3 (Ubuntu/Linaro 4.6.3-1ubuntu5) 
configure:3371: $? = 0
configure:3360: gcc -V >&5
gcc: error: unrecognized option '-V'
gcc: fatal error: no input files
compilation terminated.
configure:3371: $? = 4
configure:3360: gcc -qversion >&5
gcc: error: unrecognized option '-qversion'
gcc: fatal error: no input files
compilation terminated.
configure:3371: $? = 4
configure:3391: checking whether the C compiler works
configure:3413: gcc    conftest.c  >&5
configure:3417: $? = 0
configure:3465: result: yes
configure:3468: checking for C compiler default output file name
configure:3470: result: a.out
configure:3476: checking for suffix of executables
configure:3483: gcc -o conftest    conftest.c  >&5
configure:3487: $? = 0
configure:3509: result: 
configure:3531: checking whether we are cross compiling
configure:3539: gcc -o conftest    conftest.c  >&5
configure:3543: $? = 0
configure:3550: ./conftest
configure:3554: $? = 0
configure:3569: result: no
configure:3574: checking for suffix of object files
configure:3596: gcc -c   conftest.c >&5
configure:3600: $? = 0
configure:3621: result: o
configure:3625: checking whether we are using the GNU C compiler
configure:3644: gcc -c   conftest.c >&5
configure:3644: $? = 0
configure:3653: result: yes
configure:3662: checking whether gcc accepts -g
configure:3682: gcc -c -g  conftest.c >&5
configure:3682: $? = 0
configure:3723: result: yes
configure:3740: checking for gcc option to accept ISO C89
configure:3804: gcc  -c -g -O2  conftest.c >&5
configure:3804: $? = 0
configure:3817: result: none needed
configure:3839: checking dependency style of gcc
configure:3950: result: gcc3
configure:4015: checking for ar
configure:4031: found /usr/bin/ar
configure:4042: result: ar
configure:4068: checking the archiver (ar) interface
configure:4078: gcc -c -g -O2  conftest.c >&5
configure:4078: $? = 0
configure:4080: ar cru libconftest.a conftest.o >&5
configure:4083: $? = 0
configure:4106: result: ar
configure:4138: checking whether make supports nested variables
configure:4155: result: yes
configure:4221: checking for gcc
configure:4248: result: gcc
configure:4477: checking for C compiler version
configure:4486: gcc --version >&5
gcc (Ubuntu/Linaro 4.6.3-1ubuntu5) 4.6.3
Copyright (C) 2011 Free Software Foundation, Inc.
This is free software; see the source for copying conditions.  There is NO
warranty; not even for MERCHANTABILITY or FITNESS FOR A PARTICULAR PURPOSE.

configure:4497: $? = 0
configure:4486: gcc -v >&5
Using built-in specs.
COLLECT_GCC=gcc
COLLECT_LTO_WRAPPER=/usr/lib/gcc/x86_64-linux-gnu/4.6/lto-wrapper
Target: x86_64-linux-gnu
Configured with: ../src/configure -v --with-pkgversion='Ubuntu/Linaro 4.6.3-1ubuntu5' --with-bugurl=file:///usr/share/doc/gcc-4.6/README.Bugs --enable-languages=c,c++,fortran,objc,obj-c++ --prefix=/usr --program-suffix=-4.6 --enable-shared --enable-linker-build-id --with-system-zlib --libexecdir=/usr/lib --without-included-gettext --enable-threads=posix --with-gxx-include-dir=/usr/include/c++/4.6 --libdir=/usr/lib --enable-nls --with-sysroot=/ --enable-clocale=gnu --enable-libstdcxx-debug --enable-libstdcxx-time=yes --enable-gnu-unique-object --enable-plugin --enable-objc-gc --disable-werror --with-arch-32=i686 --with-tune=generic --enable-checking=release --build=x86_64-linux-gnu --host=x86_64-linux-gnu --target=x86_64-linux-gnu
Thread model: posix
gcc version 4.6.3 (Ubuntu/Linaro 4.6.3-1ubuntu5) 
configure:4497: $? = 0
configure:4486: gcc -V >&5
gcc: error: unrecognized option '-V'
gcc: fatal error: no input files
compilation terminated.
configure:4497: $? = 4
configure:4486: gcc -qversion >&5
gcc: error: unrecognized option '-qversion'
gcc: fatal error: no input files
compilation terminated.
configure:4497: $? = 4
configure:4501: checking whether we are using the GNU C compiler
configure:4529: result: yes
configure:4538: checking whether gcc accepts -g
configure:4599: result: yes
configure:4616: checking for gcc option to accept ISO C89
configure:4693: result: none needed
configure:4715: checking dependency style of gcc
configure:4826: result: gcc3
configure:4841: checking whether make sets $(MAKE)
configure:4863: result: yes
configure:4904: checking build system type
configure:4918: result: x86_64-unknown-linux-gnu
configure:4938: checking host system type
configure:4951: result: x86_64-unknown-linux-gnu
configure:4992: checking how to print strings
configure:5019: result: printf
configure:5040: checking for a sed that does not truncate output
configure:5104: result: /bin/sed
configure:5122: checking for grep that handles long lines and -e
configure:5180: result: /bin/grep
configure:5185: checking for egrep
configure:5247: result: /bin/grep -E
configure:5252: checking for fgrep
configure:5314: result: /bin/grep -F
configure:5349: checking for ld used by gcc
configure:5416: result: /usr/bin/ld
configure:5423: checking if the linker (/usr/bin/ld) is GNU ld
configure:5438: result: yes
configure:5450: checking for BSD- or MS-compatible name lister (nm)
configure:5499: result: /usr/bin/nm -B
configure:5629: checking the name lister (/usr/bin/nm -B) interface
configure:5636: gcc -c -g -O2  conftest.c >&5
configure:5639: /usr/bin/nm -B "conftest.o"
configure:5642: output
0000000000000000 B some_variable
configure:5649: result: BSD nm
configure:5652: checking whether ln -s works
configure:5656: result: yes
configure:5664: checking the maximum length of command line arguments
configure:5794: result: 1572864
configure:5811: checking whether the shell understands some XSI constructs
configure:5821: result: yes
configure:5825: checking whether the shell understands "+="
configure:5831: result: yes
configure:5866: checking how to convert x86_64-unknown-linux-gnu file names to x86_64-unknown-linux-gnu format
configure:5906: result: func_convert_file_noop
configure:5913: checking how to convert x86_64-unknown-linux-gnu file names to toolchain format
configure:5933: result: func_convert_file_noop
configure:5940: checking for /usr/bin/ld option to reload object files
configure:5947: result: -r
configure:6021: checking for objdump
configure:6037: found /usr/bin/objdump
configure:6048: result: objdump
configure:6080: checking how to recognize dependent libraries
configure:6282: result: pass_all
configure:6367: checking for dlltool
configure:6397: result: no
configure:6427: checking how to associate runtime and link libraries
configure:6454: result: printf %s\n
configure:6578: checking for archiver @FILE support
configure:6595: gcc -c -g -O2  conftest.c >&5
configure:6595: $? = 0
configure:6598: ar cru libconftest.a @conftest.lst >&5
configure:6601: $? = 0
configure:6606: ar cru libconftest.a @conftest.lst >&5
ar: conftest.o: No such file or directory
configure:6609: $? = 1
configure:6621: result: @
configure:6679: checking for strip
configure:6695: found /usr/bin/strip
configure:6706: result: strip
configure:6778: checking for ranlib
configure:6794: found /usr/bin/ranlib
configure:6805: result: ranlib
configure:6907: checking command to parse /usr/bin/nm -B output from gcc object
configure:7027: gcc -c -g -O2  conftest.c >&5
configure:7030: $? = 0
configure:7034: /usr/bin/nm -B conftest.o \| sed -n -e 's/^.*[ ]\([ABCDGIRSTW][ABCDGIRSTW]*\)[ ][ ]*\([_A-Za-z][_A-Za-z0-9]*\)$/\1 \2 \2/p' | sed '/ __gnu_lto/d' \> conftest.nm
configure:7037: $? = 0
configure:7103: gcc -o conftest -g -O2   conftest.c conftstm.o >&5
configure:7106: $? = 0
configure:7144: result: ok
configure:7181: checking for sysroot
configure:7211: result: no
configure:7288: gcc -c -g -O2  conftest.c >&5
configure:7291: $? = 0
configure:7467: checking for mt
configure:7483: found /bin/mt
configure:7494: result: mt
configure:7517: checking if mt is a manifest tool
configure:7523: mt '-?'
configure:7531: result: no
configure:8173: checking how to run the C preprocessor
configure:8204: gcc -E  conftest.c
configure:8204: $? = 0
configure:8218: gcc -E  conftest.c
conftest.c:12:28: fatal error: ac_nonexistent.h: No such file or directory
compilation terminated.
configure:8218: $? = 1
configure: failed program was:
| /* confdefs.h */
| #define PACKAGE_NAME "libnfc"
| #define PACKAGE_TARNAME "libnfc"
| #define PACKAGE_VERSION "1.7.0"
| #define PACKAGE_STRING "libnfc 1.7.0"
| #define PACKAGE_BUGREPORT "nfc-tools@googlegroups.com"
| #define PACKAGE_URL ""
| #define GIT_REVISION "libnfc-1.7.0-46-g59877d2"
| #define PACKAGE "libnfc"
| #define VERSION "1.7.0"
| /* end confdefs.h.  */
| #include <ac_nonexistent.h>
configure:8243: result: gcc -E
configure:8263: gcc -E  conftest.c
configure:8263: $? = 0
configure:8277: gcc -E  conftest.c
conftest.c:12:28: fatal error: ac_nonexistent.h: No such file or directory
compilation terminated.
configure:8277: $? = 1
configure: failed program was:
| /* confdefs.h */
| #define PACKAGE_NAME "libnfc"
| #define PACKAGE_TARNAME "libnfc"
| #define PACKAGE_VERSION "1.7.0"
| #define PACKAGE_STRING "libnfc 1.7.0"
| #define PACKAGE_BUGREPORT "nfc-tools@googlegroups.com"
| #define PACKAGE_URL ""
| #define GIT_REVISION "libnfc-1.7.0-46-g59877d2"
| #define PACKAGE "libnfc"
| #define VERSION "1.7.0"
| /* end confdefs.h.  */
| #include <ac_nonexistent.h>
configure:8306: checking for ANSI C header files
configure:8326: gcc -c -g -O2  conftest.c >&5
configure:8326: $? = 0
configure:8399: gcc -o conftest -g -O2   conftest.c  >&5
configure:8399: $? = 0
configure:8399: ./conftest
configure:8399: $? = 0
configure:8410: result: yes
configure:8423: checking for sys/types.h
configure:8423: gcc -c -g -O2  conftest.c >&5
configure:8423: $? = 0
configure:8423: result: yes
configure:8423: checking for sys/stat.h
configure:8423: gcc -c -g -O2  conftest.c >&5
configure:8423: $? = 0
configure:8423: result: yes
configure:8423: checking for stdlib.h
configure:8423: gcc -c -g -O2  conftest.c >&5
configure:8423: $? = 0
configure:8423: result: yes
configure:8423: checking for string.h
configure:8423: gcc -c -g -O2  conftest.c >&5
configure:8423: $? = 0
configure:8423: result: yes
configure:8423: checking for memory.h
configure:8423: gcc -c -g -O2  conftest.c >&5
configure:8423: $? = 0
configure:8423: result: yes
configure:8423: checking for strings.h
configure:8423: gcc -c -g -O2  conftest.c >&5
configure:8423: $? = 0
configure:8423: result: yes
configure:8423: checking for inttypes.h
configure:8423: gcc -c -g -O2  conftest.c >&5
configure:8423: $? = 0
configure:8423: result: yes
configure:8423: checking for stdint.h
configure:8423: gcc -c -g -O2  conftest.c >&5
configure:8423: $? = 0
configure:8423: result: yes
configure:8423: checking for unistd.h
configure:8423: gcc -c -g -O2  conftest.c >&5
configure:8423: $? = 0
configure:8423: result: yes
configure:8437: checking for dlfcn.h
configure:8437: gcc -c -g -O2  conftest.c >&5
configure:8437: $? = 0
configure:8437: result: yes
configure:8643: checking for objdir
configure:8658: result: .libs
configure:8929: checking if gcc supports -fno-rtti -fno-exceptions
configure:8947: gcc -c -g -O2  -fno-rtti -fno-exceptions conftest.c >&5
cc1: warning: command line option '-fno-rtti' is valid for C++/ObjC++ but not for C [enabled by default]
configure:8951: $? = 0
configure:8964: result: no
configure:9291: checking for gcc option to produce PIC
configure:9298: result: -fPIC -DPIC
configure:9306: checking if gcc PIC flag -fPIC -DPIC works
configure:9324: gcc -c -g -O2  -fPIC -DPIC -DPIC conftest.c >&5
configure:9328: $? = 0
configure:9341: result: yes
configure:9370: checking if gcc static flag -static works
configure:9398: result: yes
configure:9413: checking if gcc supports -c -o file.o
configure:9434: gcc -c -g -O2  -o out/conftest2.o conftest.c >&5
configure:9438: $? = 0
configure:9460: result: yes
configure:9468: checking if gcc supports -c -o file.o
configure:9515: result: yes
configure:9548: checking whether the gcc linker (/usr/bin/ld -m elf_x86_64) supports shared libraries
configure:10705: result: yes
configure:10742: checking whether -lc should be explicitly linked in
configure:10750: gcc -c -g -O2  conftest.c >&5
configure:10753: $? = 0
configure:10768: gcc -shared  -fPIC -DPIC conftest.o  -v -Wl,-soname -Wl,conftest -o conftest 2\>\&1 \| /bin/grep  -lc  \>/dev/null 2\>\&1
configure:10771: $? = 0
configure:10785: result: no
configure:10945: checking dynamic linker characteristics
configure:11456: gcc -o conftest -g -O2   -Wl,-rpath -Wl,/foo conftest.c  >&5
configure:11456: $? = 0
configure:11690: result: GNU/Linux ld.so
configure:11797: checking how to hardcode library paths into programs
configure:11822: result: immediate
configure:12362: checking whether stripping libraries is possible
configure:12367: result: yes
configure:12402: checking if libtool supports shared libraries
configure:12404: result: yes
configure:12407: checking whether to build shared libraries
configure:12428: result: yes
configure:12431: checking whether to build static libraries
configure:12435: result: yes
configure:12549: checking for pkg-config
configure:12567: found /usr/bin/pkg-config
configure:12579: result: /usr/bin/pkg-config
configure:12604: checking pkg-config is at least version 0.9.0
configure:12607: result: yes
configure:12617: checking for ANSI C header files
configure:12721: result: yes
configure:12729: checking for stdbool.h that conforms to C99
configure:12796: gcc -c -g -O2  conftest.c >&5
configure:12796: $? = 0
configure:12803: result: yes
configure:12805: checking for _Bool
configure:12805: gcc -c -g -O2  conftest.c >&5
configure:12805: $? = 0
configure:12805: gcc -c -g -O2  conftest.c >&5
conftest.c: In function 'main':
conftest.c:61:20: error: expected expression before ')' token
configure:12805: $? = 1
configure: failed program was:
| /* confdefs.h */
| #define PACKAGE_NAME "libnfc"
| #define PACKAGE_TARNAME "libnfc"
| #define PACKAGE_VERSION "1.7.0"
| #define PACKAGE_STRING "libnfc 1.7.0"
| #define PACKAGE_BUGREPORT "nfc-tools@googlegroups.com"
| #define PACKAGE_URL ""
| #define GIT_REVISION "libnfc-1.7.0-46-g59877d2"
| #define PACKAGE "libnfc"
| #define VERSION "1.7.0"
| #define STDC_HEADERS 1
| #define HAVE_SYS_TYPES_H 1
| #define HAVE_SYS_STAT_H 1
| #define HAVE_STDLIB_H 1
| #define HAVE_STRING_H 1
| #define HAVE_MEMORY_H 1
| #define HAVE_STRINGS_H 1
| #define HAVE_INTTYPES_H 1
| #define HAVE_STDINT_H 1
| #define HAVE_UNISTD_H 1
| #define HAVE_DLFCN_H 1
| #define LT_OBJDIR ".libs/"
| #define STDC_HEADERS 1
| /* end confdefs.h.  */
| #include <stdio.h>
| #ifdef HAVE_SYS_TYPES_H
| # include <sys/types.h>
| #endif
| #ifdef HAVE_SYS_STAT_H
| # include <sys/stat.h>
| #endif
| #ifdef STDC_HEADERS
| # include <stdlib.h>
| # include <stddef.h>
| #else
| # ifdef HAVE_STDLIB_H
| #  include <stdlib.h>
| # endif
| #endif
| #ifdef HAVE_STRING_H
| # if !defined STDC_HEADERS && defined HAVE_MEMORY_H
| #  include <memory.h>
| # endif
| # include <string.h>
| #endif
| #ifdef HAVE_STRINGS_H
| # include <strings.h>
| #endif
| #ifdef HAVE_INTTYPES_H
| # include <inttypes.h>
| #endif
| #ifdef HAVE_STDINT_H
| # include <stdint.h>
| #endif
| #ifdef HAVE_UNISTD_H
| # include <unistd.h>
| #endif
| int
| main ()
| {
| if (sizeof ((_Bool)))
| 	    return 0;
|   ;
|   return 0;
| }
configure:12805: result: yes
configure:12824: checking fcntl.h usability
configure:12824: gcc -c -g -O2  conftest.c >&5
configure:12824: $? = 0
configure:12824: result: yes
configure:12824: checking fcntl.h presence
configure:12824: gcc -E  conftest.c
configure:12824: $? = 0
configure:12824: result: yes
configure:12824: checking for fcntl.h
configure:12824: result: yes
configure:12824: checking limits.h usability
configure:12824: gcc -c -g -O2  conftest.c >&5
configure:12824: $? = 0
configure:12824: result: yes
configure:12824: checking limits.h presence
configure:12824: gcc -E  conftest.c
configure:12824: $? = 0
configure:12824: result: yes
configure:12824: checking for limits.h
configure:12824: result: yes
configure:12824: checking stdio.h usability
configure:12824: gcc -c -g -O2  conftest.c >&5
configure:12824: $? = 0
configure:12824: result: yes
configure:12824: checking stdio.h presence
configure:12824: gcc -E  conftest.c
configure:12824: $? = 0
configure:12824: result: yes
configure:12824: checking for stdio.h
configure:12824: result: yes
configure:12824: checking for stdlib.h
configure:12824: result: yes
configure:12824: checking for stdint.h
configure:12824: result: yes
configure:12824: checking stddef.h usability
configure:12824: gcc -c -g -O2  conftest.c >&5
configure:12824: $? = 0
configure:12824: result: yes
configure:12824: checking stddef.h presence
configure:12824: gcc -E  conftest.c
configure:12824: $? = 0
configure:12824: result: yes
configure:12824: checking for stddef.h
configure:12824: result: yes
configure:12824: checking for stdbool.h
configure:12824: result: yes
configure:12824: checking sys/ioctl.h usability
configure:12824: gcc -c -g -O2  conftest.c >&5
configure:12824: $? = 0
configure:12824: result: yes
configure:12824: checking sys/ioctl.h presence
configure:12824: gcc -E  conftest.c
configure:12824: $? = 0
configure:12824: result: yes
configure:12824: checking for sys/ioctl.h
configure:12824: result: yes
configure:12824: checking sys/param.h usability
configure:12824: gcc -c -g -O2  conftest.c >&5
configure:12824: $? = 0
configure:12824: result: yes
configure:12824: checking sys/param.h presence
configure:12824: gcc -E  conftest.c
configure:12824: $? = 0
configure:12824: result: yes
configure:12824: checking for sys/param.h
configure:12824: result: yes
configure:12824: checking sys/time.h usability
configure:12824: gcc -c -g -O2  conftest.c >&5
configure:12824: $? = 0
configure:12824: result: yes
configure:12824: checking sys/time.h presence
configure:12824: gcc -E  conftest.c
configure:12824: $? = 0
configure:12824: result: yes
configure:12824: checking for sys/time.h
configure:12824: result: yes
configure:12824: checking termios.h usability
configure:12824: gcc -c -g -O2  conftest.c >&5
configure:12824: $? = 0
configure:12824: result: yes
configure:12824: checking termios.h presence
configure:12824: gcc -E  conftest.c
configure:12824: $? = 0
configure:12824: result: yes
configure:12824: checking for termios.h
configure:12824: result: yes
configure:12836: checking linux/spi/spidev.h usability
configure:12836: gcc -c -g -O2  conftest.c >&5
configure:12836: $? = 0
configure:12836: result: yes
configure:12836: checking linux/spi/spidev.h presence
configure:12836: gcc -E  conftest.c
configure:12836: $? = 0
configure:12836: result: yes
configure:12836: checking for linux/spi/spidev.h
configure:12836: result: yes
configure:12848: checking linux/i2c-dev.h usability
configure:12848: gcc -c -g -O2  conftest.c >&5
configure:12848: $? = 0
configure:12848: result: yes
configure:12848: checking linux/i2c-dev.h presence
configure:12848: gcc -E  conftest.c
configure:12848: $? = 0
configure:12848: result: yes
configure:12848: checking for linux/i2c-dev.h
configure:12848: result: yes
configure:12861: checking for memmove
configure:12861: gcc -o conftest -g -O2   conftest.c  >&5
conftest.c:63:6: warning: conflicting types for built-in function 'memmove' [enabled by default]
configure:12861: $? = 0
configure:12861: result: yes
configure:12861: checking for memset
configure:12861: gcc -o conftest -g -O2   conftest.c  >&5
conftest.c:65:6: warning: conflicting types for built-in function 'memset' [enabled by default]
configure:12861: $? = 0
configure:12861: result: yes
configure:12861: checking for select
configure:12861: gcc -o conftest -g -O2   conftest.c  >&5
configure:12861: $? = 0
configure:12861: result: yes
configure:12861: checking for strdup
configure:12861: gcc -o conftest -g -O2   conftest.c  >&5
conftest.c:69:6: warning: conflicting types for built-in function 'strdup' [enabled by default]
configure:12861: $? = 0
configure:12861: result: yes
configure:12861: checking for strerror
configure:12861: gcc -o conftest -g -O2   conftest.c  >&5
configure:12861: $? = 0
configure:12861: result: yes
configure:12861: checking for strstr
configure:12861: gcc -o conftest -g -O2   conftest.c  >&5
conftest.c:73:6: warning: conflicting types for built-in function 'strstr' [enabled by default]
configure:12861: $? = 0
configure:12861: result: yes
configure:12861: checking for strtol
configure:12861: gcc -o conftest -g -O2   conftest.c  >&5
configure:12861: $? = 0
configure:12861: result: yes
configure:12861: checking for usleep
configure:12861: gcc -o conftest -g -O2   conftest.c  >&5
configure:12861: $? = 0
configure:12861: result: yes
configure:12884: checking for size_t
configure:12884: gcc -c -g -O2  conftest.c >&5
configure:12884: $? = 0
configure:12884: gcc -c -g -O2  conftest.c >&5
conftest.c: In function 'main':
conftest.c:94:21: error: expected expression before ')' token
configure:12884: $? = 1
configure: failed program was:
| /* confdefs.h */
| #define PACKAGE_NAME "libnfc"
| #define PACKAGE_TARNAME "libnfc"
| #define PACKAGE_VERSION "1.7.0"
| #define PACKAGE_STRING "libnfc 1.7.0"
| #define PACKAGE_BUGREPORT "nfc-tools@googlegroups.com"
| #define PACKAGE_URL ""
| #define GIT_REVISION "libnfc-1.7.0-46-g59877d2"
| #define PACKAGE "libnfc"
| #define VERSION "1.7.0"
| #define STDC_HEADERS 1
| #define HAVE_SYS_TYPES_H 1
| #define HAVE_SYS_STAT_H 1
| #define HAVE_STDLIB_H 1
| #define HAVE_STRING_H 1
| #define HAVE_MEMORY_H 1
| #define HAVE_STRINGS_H 1
| #define HAVE_INTTYPES_H 1
| #define HAVE_STDINT_H 1
| #define HAVE_UNISTD_H 1
| #define HAVE_DLFCN_H 1
| #define LT_OBJDIR ".libs/"
| #define STDC_HEADERS 1
| #define HAVE__BOOL 1
| #define HAVE_STDBOOL_H 1
| #define HAVE_FCNTL_H 1
| #define HAVE_LIMITS_H 1
| #define HAVE_STDIO_H 1
| #define HAVE_STDLIB_H 1
| #define HAVE_STDINT_H 1
| #define HAVE_STDDEF_H 1
| #define HAVE_STDBOOL_H 1
| #define HAVE_SYS_IOCTL_H 1
| #define HAVE_SYS_PARAM_H 1
| #define HAVE_SYS_TIME_H 1
| #define HAVE_TERMIOS_H 1
| #define HAVE_LINUX_SPI_SPIDEV_H 1
| #define HAVE_LINUX_I2C_DEV_H 1
| #define HAVE_MEMMOVE 1
| #define _XOPEN_SOURCE 600
| #define HAVE_MEMSET 1
| #define _XOPEN_SOURCE 600
| #define HAVE_SELECT 1
| #define _XOPEN_SOURCE 600
| #define HAVE_STRDUP 1
| #define _XOPEN_SOURCE 600
| #define HAVE_STRERROR 1
| #define _XOPEN_SOURCE 600
| #define HAVE_STRSTR 1
| #define _XOPEN_SOURCE 600
| #define HAVE_STRTOL 1
| #define _XOPEN_SOURCE 600
| #define HAVE_USLEEP 1
| #define _XOPEN_SOURCE 600
| #define _NETBSD_SOURCE 1
| #define _DARWIN_C_SOURCE 1
| /* end confdefs.h.  */
| #include <stdio.h>
| #ifdef HAVE_SYS_TYPES_H
| # include <sys/types.h>
| #endif
| #ifdef HAVE_SYS_STAT_H
| # include <sys/stat.h>
| #endif
| #ifdef STDC_HEADERS
| # include <stdlib.h>
| # include <stddef.h>
| #else
| # ifdef HAVE_STDLIB_H
| #  include <stdlib.h>
| # endif
| #endif
| #ifdef HAVE_STRING_H
| # if !defined STDC_HEADERS && defined HAVE_MEMORY_H
| #  include <memory.h>
| # endif
| # include <string.h>
| #endif
| #ifdef HAVE_STRINGS_H
| # include <strings.h>
| #endif
| #ifdef HAVE_INTTYPES_H
| # include <inttypes.h>
| #endif
| #ifdef HAVE_STDINT_H
| # include <stdint.h>
| #endif
| #ifdef HAVE_UNISTD_H
| # include <unistd.h>
| #endif
| int
| main ()
| {
| if (sizeof ((size_t)))
| 	    return 0;
|   ;
|   return 0;
| }
configure:12884: result: yes
configure:12895: checking for uint8_t
configure:12895: gcc -c -g -O2  conftest.c >&5
configure:12895: $? = 0
configure:12895: result: yes
configure:12909: checking for uint16_t
configure:12909: gcc -c -g -O2  conftest.c >&5
configure:12909: $? = 0
configure:12909: result: yes
configure:12921: checking for uint32_t
configure:12921: gcc -c -g -O2  conftest.c >&5
configure:12921: $? = 0
configure:12921: result: yes
configure:12935: checking for uint64_t
configure:12935: gcc -c -g -O2  conftest.c >&5
configure:12935: $? = 0
configure:12935: result: yes
configure:12949: checking for int16_t
configure:12949: gcc -c -g -O2  conftest.c >&5
configure:12949: $? = 0
configure:12949: gcc -c -g -O2  conftest.c >&5
conftest.c: In function 'main':
conftest.c:95:12: error: size of array 'test_array' is negative
configure:12949: $? = 1
configure: failed program was:
| /* confdefs.h */
| #define PACKAGE_NAME "libnfc"
| #define PACKAGE_TARNAME "libnfc"
| #define PACKAGE_VERSION "1.7.0"
| #define PACKAGE_STRING "libnfc 1.7.0"
| #define PACKAGE_BUGREPORT "nfc-tools@googlegroups.com"
| #define PACKAGE_URL ""
| #define GIT_REVISION "libnfc-1.7.0-46-g59877d2"
| #define PACKAGE "libnfc"
| #define VERSION "1.7.0"
| #define STDC_HEADERS 1
| #define HAVE_SYS_TYPES_H 1
| #define HAVE_SYS_STAT_H 1
| #define HAVE_STDLIB_H 1
| #define HAVE_STRING_H 1
| #define HAVE_MEMORY_H 1
| #define HAVE_STRINGS_H 1
| #define HAVE_INTTYPES_H 1
| #define HAVE_STDINT_H 1
| #define HAVE_UNISTD_H 1
| #define HAVE_DLFCN_H 1
| #define LT_OBJDIR ".libs/"
| #define STDC_HEADERS 1
| #define HAVE__BOOL 1
| #define HAVE_STDBOOL_H 1
| #define HAVE_FCNTL_H 1
| #define HAVE_LIMITS_H 1
| #define HAVE_STDIO_H 1
| #define HAVE_STDLIB_H 1
| #define HAVE_STDINT_H 1
| #define HAVE_STDDEF_H 1
| #define HAVE_STDBOOL_H 1
| #define HAVE_SYS_IOCTL_H 1
| #define HAVE_SYS_PARAM_H 1
| #define HAVE_SYS_TIME_H 1
| #define HAVE_TERMIOS_H 1
| #define HAVE_LINUX_SPI_SPIDEV_H 1
| #define HAVE_LINUX_I2C_DEV_H 1
| #define HAVE_MEMMOVE 1
| #define _XOPEN_SOURCE 600
| #define HAVE_MEMSET 1
| #define _XOPEN_SOURCE 600
| #define HAVE_SELECT 1
| #define _XOPEN_SOURCE 600
| #define HAVE_STRDUP 1
| #define _XOPEN_SOURCE 600
| #define HAVE_STRERROR 1
| #define _XOPEN_SOURCE 600
| #define HAVE_STRSTR 1
| #define _XOPEN_SOURCE 600
| #define HAVE_STRTOL 1
| #define _XOPEN_SOURCE 600
| #define HAVE_USLEEP 1
| #define _XOPEN_SOURCE 600
| #define _NETBSD_SOURCE 1
| #define _DARWIN_C_SOURCE 1
| /* end confdefs.h.  */
| #include <stdio.h>
| #ifdef HAVE_SYS_TYPES_H
| # include <sys/types.h>
| #endif
| #ifdef HAVE_SYS_STAT_H
| # include <sys/stat.h>
| #endif
| #ifdef STDC_HEADERS
| # include <stdlib.h>
| # include <stddef.h>
| #else
| # ifdef HAVE_STDLIB_H
| #  include <stdlib.h>
| # endif
| #endif
| #ifdef HAVE_STRING_H
| # if !defined STDC_HEADERS && defined HAVE_MEMORY_H
| #  include <memory.h>
| # endif
| # include <string.h>
| #endif
| #ifdef HAVE_STRINGS_H
| # include <strings.h>
| #endif
| #ifdef HAVE_INTTYPES_H
| # include <inttypes.h>
| #endif
| #ifdef HAVE_STDINT_H
| # include <stdint.h>
| #endif
| #ifdef HAVE_UNISTD_H
| # include <unistd.h>
| #endif
| 	        enum { N = 16 / 2 - 1 };
| int
| main ()
| {
| static int test_array [1 - 2 * !((int16_t) (((((int16_t) 1 << N) << N) - 1) * 2 + 1)
| 		 < (int16_t) (((((int16_t) 1 << N) << N) - 1) * 2 + 2))];
| test_array [0] = 0
| 
|   ;
|   return 0;
| }
configure:12949: result: yes
configure:12960: checking for int32_t
configure:12960: gcc -c -g -O2  conftest.c >&5
configure:12960: $? = 0
configure:12960: gcc -c -g -O2  conftest.c >&5
conftest.c: In function 'main':
conftest.c:96:53: warning: integer overflow in expression [-Woverflow]
conftest.c:95:12: error: size of array 'test_array' is negative
conftest.c:95:12: error: storage size of 'test_array' isn't constant
configure:12960: $? = 1
configure: failed program was:
| /* confdefs.h */
| #define PACKAGE_NAME "libnfc"
| #define PACKAGE_TARNAME "libnfc"
| #define PACKAGE_VERSION "1.7.0"
| #define PACKAGE_STRING "libnfc 1.7.0"
| #define PACKAGE_BUGREPORT "nfc-tools@googlegroups.com"
| #define PACKAGE_URL ""
| #define GIT_REVISION "libnfc-1.7.0-46-g59877d2"
| #define PACKAGE "libnfc"
| #define VERSION "1.7.0"
| #define STDC_HEADERS 1
| #define HAVE_SYS_TYPES_H 1
| #define HAVE_SYS_STAT_H 1
| #define HAVE_STDLIB_H 1
| #define HAVE_STRING_H 1
| #define HAVE_MEMORY_H 1
| #define HAVE_STRINGS_H 1
| #define HAVE_INTTYPES_H 1
| #define HAVE_STDINT_H 1
| #define HAVE_UNISTD_H 1
| #define HAVE_DLFCN_H 1
| #define LT_OBJDIR ".libs/"
| #define STDC_HEADERS 1
| #define HAVE__BOOL 1
| #define HAVE_STDBOOL_H 1
| #define HAVE_FCNTL_H 1
| #define HAVE_LIMITS_H 1
| #define HAVE_STDIO_H 1
| #define HAVE_STDLIB_H 1
| #define HAVE_STDINT_H 1
| #define HAVE_STDDEF_H 1
| #define HAVE_STDBOOL_H 1
| #define HAVE_SYS_IOCTL_H 1
| #define HAVE_SYS_PARAM_H 1
| #define HAVE_SYS_TIME_H 1
| #define HAVE_TERMIOS_H 1
| #define HAVE_LINUX_SPI_SPIDEV_H 1
| #define HAVE_LINUX_I2C_DEV_H 1
| #define HAVE_MEMMOVE 1
| #define _XOPEN_SOURCE 600
| #define HAVE_MEMSET 1
| #define _XOPEN_SOURCE 600
| #define HAVE_SELECT 1
| #define _XOPEN_SOURCE 600
| #define HAVE_STRDUP 1
| #define _XOPEN_SOURCE 600
| #define HAVE_STRERROR 1
| #define _XOPEN_SOURCE 600
| #define HAVE_STRSTR 1
| #define _XOPEN_SOURCE 600
| #define HAVE_STRTOL 1
| #define _XOPEN_SOURCE 600
| #define HAVE_USLEEP 1
| #define _XOPEN_SOURCE 600
| #define _NETBSD_SOURCE 1
| #define _DARWIN_C_SOURCE 1
| /* end confdefs.h.  */
| #include <stdio.h>
| #ifdef HAVE_SYS_TYPES_H
| # include <sys/types.h>
| #endif
| #ifdef HAVE_SYS_STAT_H
| # include <sys/stat.h>
| #endif
| #ifdef STDC_HEADERS
| # include <stdlib.h>
| # include <stddef.h>
| #else
| # ifdef HAVE_STDLIB_H
| #  include <stdlib.h>
| # endif
| #endif
| #ifdef HAVE_STRING_H
| # if !defined STDC_HEADERS && defined HAVE_MEMORY_H
| #  include <memory.h>
| # endif
| # include <string.h>
| #endif
| #ifdef HAVE_STRINGS_H
| # include <strings.h>
| #endif
| #ifdef HAVE_INTTYPES_H
| # include <inttypes.h>
| #endif
| #ifdef HAVE_STDINT_H
| # include <stdint.h>
| #endif
| #ifdef HAVE_UNISTD_H
| # include <unistd.h>
| #endif
| 	        enum { N = 32 / 2 - 1 };
| int
| main ()
| {
| static int test_array [1 - 2 * !((int32_t) (((((int32_t) 1 << N) << N) - 1) * 2 + 1)
| 		 < (int32_t) (((((int32_t) 1 << N) << N) - 1) * 2 + 2))];
| test_array [0] = 0
| 
|   ;
|   return 0;
| }
configure:12960: result: yes
configure:12971: checking for off_t
configure:12971: gcc -c -g -O2  conftest.c >&5
configure:12971: $? = 0
configure:12971: gcc -c -g -O2  conftest.c >&5
conftest.c: In function 'main':
conftest.c:94:20: error: expected expression before ')' token
configure:12971: $? = 1
configure: failed program was:
| /* confdefs.h */
| #define PACKAGE_NAME "libnfc"
| #define PACKAGE_TARNAME "libnfc"
| #define PACKAGE_VERSION "1.7.0"
| #define PACKAGE_STRING "libnfc 1.7.0"
| #define PACKAGE_BUGREPORT "nfc-tools@googlegroups.com"
| #define PACKAGE_URL ""
| #define GIT_REVISION "libnfc-1.7.0-46-g59877d2"
| #define PACKAGE "libnfc"
| #define VERSION "1.7.0"
| #define STDC_HEADERS 1
| #define HAVE_SYS_TYPES_H 1
| #define HAVE_SYS_STAT_H 1
| #define HAVE_STDLIB_H 1
| #define HAVE_STRING_H 1
| #define HAVE_MEMORY_H 1
| #define HAVE_STRINGS_H 1
| #define HAVE_INTTYPES_H 1
| #define HAVE_STDINT_H 1
| #define HAVE_UNISTD_H 1
| #define HAVE_DLFCN_H 1
| #define LT_OBJDIR ".libs/"
| #define STDC_HEADERS 1
| #define HAVE__BOOL 1
| #define HAVE_STDBOOL_H 1
| #define HAVE_FCNTL_H 1
| #define HAVE_LIMITS_H 1
| #define HAVE_STDIO_H 1
| #define HAVE_STDLIB_H 1
| #define HAVE_STDINT_H 1
| #define HAVE_STDDEF_H 1
| #define HAVE_STDBOOL_H 1
| #define HAVE_SYS_IOCTL_H 1
| #define HAVE_SYS_PARAM_H 1
| #define HAVE_SYS_TIME_H 1
| #define HAVE_TERMIOS_H 1
| #define HAVE_LINUX_SPI_SPIDEV_H 1
| #define HAVE_LINUX_I2C_DEV_H 1
| #define HAVE_MEMMOVE 1
| #define _XOPEN_SOURCE 600
| #define HAVE_MEMSET 1
| #define _XOPEN_SOURCE 600
| #define HAVE_SELECT 1
| #define _XOPEN_SOURCE 600
| #define HAVE_STRDUP 1
| #define _XOPEN_SOURCE 600
| #define HAVE_STRERROR 1
| #define _XOPEN_SOURCE 600
| #define HAVE_STRSTR 1
| #define _XOPEN_SOURCE 600
| #define HAVE_STRTOL 1
| #define _XOPEN_SOURCE 600
| #define HAVE_USLEEP 1
| #define _XOPEN_SOURCE 600
| #define _NETBSD_SOURCE 1
| #define _DARWIN_C_SOURCE 1
| /* end confdefs.h.  */
| #include <stdio.h>
| #ifdef HAVE_SYS_TYPES_H
| # include <sys/types.h>
| #endif
| #ifdef HAVE_SYS_STAT_H
| # include <sys/stat.h>
| #endif
| #ifdef STDC_HEADERS
| # include <stdlib.h>
| # include <stddef.h>
| #else
| # ifdef HAVE_STDLIB_H
| #  include <stdlib.h>
| # endif
| #endif
| #ifdef HAVE_STRING_H
| # if !defined STDC_HEADERS && defined HAVE_MEMORY_H
| #  include <memory.h>
| # endif
| # include <string.h>
| #endif
| #ifdef HAVE_STRINGS_H
| # include <strings.h>
| #endif
| #ifdef HAVE_INTTYPES_H
| # include <inttypes.h>
| #endif
| #ifdef HAVE_STDINT_H
| # include <stdint.h>
| #endif
| #ifdef HAVE_UNISTD_H
| # include <unistd.h>
| #endif
| int
| main ()
| {
| if (sizeof ((off_t)))
| 	    return 0;
|   ;
|   return 0;
| }
configure:12971: result: yes
configure:12994: checking for log flag
configure:12996: result: yes
configure:13022: checking for conffiles flag
configure:13024: result: yes
configure:13050: checking for envvars flag
configure:13052: result: yes
configure:13078: checking for debug flag
configure:13080: result: no
configure:13101: checking which drivers to build
configure:13114: result: acr122_usb
configure:13319: checking for documentation request
configure:13321: result: no
configure:13410: checking for libusb
configure:13417: $PKG_CONFIG --exists --print-errors "libusb"
configure:13420: $? = 0
configure:13434: $PKG_CONFIG --exists --print-errors "libusb"
configure:13437: $? = 0
configure:13475: result: yes
configure:13845: checking for readline.h
configure:13890: result: not found
configure:14121: creating ./config.status

## ---------------------- ##
## Running config.status. ##
## ---------------------- ##

This file was extended by libnfc config.status 1.7.0, which was
generated by GNU Autoconf 2.68.  Invocation command line was

  CONFIG_FILES    = 
  CONFIG_HEADERS  = 
  CONFIG_LINKS    = 
  CONFIG_COMMANDS = 
  $ ./config.status 

on kwaku1

config.status:1207: creating Doxyfile
config.status:1207: creating Makefile
config.status:1207: creating cmake/Makefile
config.status:1207: creating cmake/modules/Makefile
config.status:1207: creating contrib/Makefile
config.status:1207: creating contrib/devd/Makefile
config.status:1207: creating contrib/libnfc/Makefile
config.status:1207: creating contrib/linux/Makefile
config.status:1207: creating contrib/udev/Makefile
config.status:1207: creating contrib/win32/Makefile
config.status:1207: creating contrib/win32/sys/Makefile
config.status:1207: creating contrib/win32/libnfc/Makefile
config.status:1207: creating contrib/win32/libnfc/buses/Makefile
config.status:1207: creating examples/Makefile
config.status:1207: creating examples/pn53x-tamashell-scripts/Makefile
config.status:1207: creating include/Makefile
config.status:1207: creating include/nfc/Makefile
config.status:1207: creating libnfc.pc
config.status:1207: creating libnfc/Makefile
config.status:1207: creating libnfc/buses/Makefile
config.status:1207: creating libnfc/chips/Makefile
config.status:1207: creating libnfc/drivers/Makefile
config.status:1207: creating test/Makefile
config.status:1207: creating utils/Makefile
config.status:1207: creating config.h
config.status:1436: executing depfiles commands
config.status:1436: executing libtool commands

## ---------------- ##
## Cache variables. ##
## ---------------- ##

ac_cv_build=x86_64-unknown-linux-gnu
ac_cv_c_compiler_gnu=yes
ac_cv_c_int16_t=yes
ac_cv_c_int32_t=yes
ac_cv_c_uint16_t=yes
ac_cv_c_uint32_t=yes
ac_cv_c_uint64_t=yes
ac_cv_c_uint8_t=yes
ac_cv_env_CC_set=
ac_cv_env_CC_value=
ac_cv_env_CFLAGS_set=
ac_cv_env_CFLAGS_value=
ac_cv_env_CPPFLAGS_set=
ac_cv_env_CPPFLAGS_value=
ac_cv_env_CPP_set=
ac_cv_env_CPP_value=
ac_cv_env_LDFLAGS_set=
ac_cv_env_LDFLAGS_value=
ac_cv_env_LIBS_set=
ac_cv_env_LIBS_value=
ac_cv_env_PKG_CONFIG_LIBDIR_set=
ac_cv_env_PKG_CONFIG_LIBDIR_value=
ac_cv_env_PKG_CONFIG_PATH_set=
ac_cv_env_PKG_CONFIG_PATH_value=
ac_cv_env_PKG_CONFIG_set=
ac_cv_env_PKG_CONFIG_value=
ac_cv_env_build_alias_set=
ac_cv_env_build_alias_value=
ac_cv_env_host_alias_set=
ac_cv_env_host_alias_value=
ac_cv_env_libpcsclite_CFLAGS_set=
ac_cv_env_libpcsclite_CFLAGS_value=
ac_cv_env_libpcsclite_LIBS_set=
ac_cv_env_libpcsclite_LIBS_value=
ac_cv_env_libusb_CFLAGS_set=
ac_cv_env_libusb_CFLAGS_value=
ac_cv_env_libusb_LIBS_set=
ac_cv_env_libusb_LIBS_value=
ac_cv_env_target_alias_set=
ac_cv_env_target_alias_value=
ac_cv_func_memmove=yes
ac_cv_func_memset=yes
ac_cv_func_select=yes
ac_cv_func_strdup=yes
ac_cv_func_strerror=yes
ac_cv_func_strstr=yes
ac_cv_func_strtol=yes
ac_cv_func_usleep=yes
ac_cv_header_dlfcn_h=yes
ac_cv_header_fcntl_h=yes
ac_cv_header_inttypes_h=yes
ac_cv_header_limits_h=yes
ac_cv_header_linux_i2c_dev_h=yes
ac_cv_header_linux_spi_spidev_h=yes
ac_cv_header_memory_h=yes
ac_cv_header_stdbool_h=yes
ac_cv_header_stdc=yes
ac_cv_header_stddef_h=yes
ac_cv_header_stdint_h=yes
ac_cv_header_stdio_h=yes
ac_cv_header_stdlib_h=yes
ac_cv_header_string_h=yes
ac_cv_header_strings_h=yes
ac_cv_header_sys_ioctl_h=yes
ac_cv_header_sys_param_h=yes
ac_cv_header_sys_stat_h=yes
ac_cv_header_sys_time_h=yes
ac_cv_header_sys_types_h=yes
ac_cv_header_termios_h=yes
ac_cv_header_unistd_h=yes
ac_cv_host=x86_64-unknown-linux-gnu
ac_cv_objext=o
ac_cv_path_EGREP='/bin/grep -E'
ac_cv_path_FGREP='/bin/grep -F'
ac_cv_path_GREP=/bin/grep
ac_cv_path_SED=/bin/sed
ac_cv_path_ac_pt_PKG_CONFIG=/usr/bin/pkg-config
ac_cv_path_install='/usr/bin/install -c'
ac_cv_path_mkdir=/bin/mkdir
ac_cv_prog_AWK=mawk
ac_cv_prog_CPP='gcc -E'
ac_cv_prog_ac_ct_AR=ar
ac_cv_prog_ac_ct_CC=gcc
ac_cv_prog_ac_ct_MANIFEST_TOOL=mt
ac_cv_prog_ac_ct_OBJDUMP=objdump
ac_cv_prog_ac_ct_RANLIB=ranlib
ac_cv_prog_ac_ct_STRIP=strip
ac_cv_prog_cc_c89=
ac_cv_prog_cc_g=yes
ac_cv_prog_make_make_set=yes
ac_cv_type__Bool=yes
ac_cv_type_off_t=yes
ac_cv_type_size_t=yes
ac_cv_use_cutter=no
am_cv_CC_dependencies_compiler_type=gcc3
am_cv_ar_interface=ar
am_cv_make_support_nested_variables=yes
lt_cv_ar_at_file=@
lt_cv_archive_cmds_need_lc=no
lt_cv_deplibs_check_method=pass_all
lt_cv_file_magic_cmd='$MAGIC_CMD'
lt_cv_file_magic_test_file=
lt_cv_ld_reload_flag=-r
lt_cv_nm_interface='BSD nm'
lt_cv_objdir=.libs
lt_cv_path_LD=/usr/bin/ld
lt_cv_path_NM='/usr/bin/nm -B'
lt_cv_path_mainfest_tool=no
lt_cv_prog_compiler_c_o=yes
lt_cv_prog_compiler_pic='-fPIC -DPIC'
lt_cv_prog_compiler_pic_works=yes
lt_cv_prog_compiler_rtti_exceptions=no
lt_cv_prog_compiler_static_works=yes
lt_cv_prog_gnu_ld=yes
lt_cv_sharedlib_from_linklib_cmd='printf %s\n'
lt_cv_shlibpath_overrides_runpath=no
lt_cv_sys_global_symbol_pipe='sed -n -e '\''s/^.*[	 ]\([ABCDGIRSTW][ABCDGIRSTW]*\)[	 ][	 ]*\([_A-Za-z][_A-Za-z0-9]*\)$/\1 \2 \2/p'\'' | sed '\''/ __gnu_lto/d'\'''
lt_cv_sys_global_symbol_to_c_name_address='sed -n -e '\''s/^: \([^ ]*\)[ ]*$/  {\"\1\", (void *) 0},/p'\'' -e '\''s/^[ABCDGIRSTW]* \([^ ]*\) \([^ ]*\)$/  {"\2", (void *) \&\2},/p'\'''
lt_cv_sys_global_symbol_to_c_name_address_lib_prefix='sed -n -e '\''s/^: \([^ ]*\)[ ]*$/  {\"\1\", (void *) 0},/p'\'' -e '\''s/^[ABCDGIRSTW]* \([^ ]*\) \(lib[^ ]*\)$/  {"\2", (void *) \&\2},/p'\'' -e '\''s/^[ABCDGIRSTW]* \([^ ]*\) \([^ ]*\)$/  {"lib\2", (void *) \&\2},/p'\'''
lt_cv_sys_global_symbol_to_cdecl='sed -n -e '\''s/^T .* \(.*\)$/extern int \1();/p'\'' -e '\''s/^[ABCDGIRSTW]* .* \(.*\)$/extern char \1;/p'\'''
lt_cv_sys_max_cmd_len=1572864
lt_cv_to_host_file_cmd=func_convert_file_noop
lt_cv_to_tool_file_cmd=func_convert_file_noop
pkg_cv_libusb_CFLAGS=' '
pkg_cv_libusb_LIBS='-lusb  '

## ----------------- ##
## Output variables. ##
## ----------------- ##

ACLOCAL='${SHELL} /home/redbandit/workspace/ndkLibNFC/jni/citisolo-libnfc-andro/missing --run aclocal-1.11'
AMDEPBACKSLASH='\'
AMDEP_FALSE='#'
AMDEP_TRUE=''
AMTAR='$${TAR-tar}'
AM_BACKSLASH='\'
AM_DEFAULT_V='$(AM_DEFAULT_VERBOSITY)'
AM_DEFAULT_VERBOSITY='0'
AM_V='$(V)'
AR='ar'
AUTOCONF='${SHELL} /home/redbandit/workspace/ndkLibNFC/jni/citisolo-libnfc-andro/missing --run autoconf'
AUTOHEADER='${SHELL} /home/redbandit/workspace/ndkLibNFC/jni/citisolo-libnfc-andro/missing --run autoheader'
AUTOMAKE='${SHELL} /home/redbandit/workspace/ndkLibNFC/jni/citisolo-libnfc-andro/missing --run automake-1.11'
AWK='mawk'
CC='gcc'
CCDEPMODE='depmode=gcc3'
CFLAGS='-g -O2 -Wall -pedantic -Wextra -std=c99 -Du_int8_t=uint8_t -Du_int16_t=uint16_t'
CPP='gcc -E'
CPPFLAGS=''
CYGPATH_W='echo'
DEFS='-DHAVE_CONFIG_H'
DEPDIR='.deps'
DLLTOOL='false'
DOC_ENABLED_FALSE=''
DOC_ENABLED_TRUE='#'
DOXYGEN=''
DRIVERS_CFLAGS=' -DDRIVER_ACR122_USB_ENABLED'
DRIVER_ACR122S_ENABLED_FALSE=''
DRIVER_ACR122S_ENABLED_TRUE='#'
DRIVER_ACR122_PCSC_ENABLED_FALSE=''
DRIVER_ACR122_PCSC_ENABLED_TRUE='#'
DRIVER_ACR122_USB_ENABLED_FALSE='#'
DRIVER_ACR122_USB_ENABLED_TRUE=''
DRIVER_ARYGON_ENABLED_FALSE=''
DRIVER_ARYGON_ENABLED_TRUE='#'
DRIVER_PN532_I2C_ENABLED_FALSE=''
DRIVER_PN532_I2C_ENABLED_TRUE='#'
DRIVER_PN532_SPI_ENABLED_FALSE=''
DRIVER_PN532_SPI_ENABLED_TRUE='#'
DRIVER_PN532_UART_ENABLED_FALSE=''
DRIVER_PN532_UART_ENABLED_TRUE='#'
DRIVER_PN53X_USB_ENABLED_FALSE=''
DRIVER_PN53X_USB_ENABLED_TRUE='#'
DSYMUTIL=''
DUMPBIN=''
ECHO_C=''
ECHO_N='-n'
ECHO_T=''
EGREP='/bin/grep -E'
EXEEXT=''
FGREP='/bin/grep -F'
GREP='/bin/grep'
I2C_ENABLED_FALSE=''
I2C_ENABLED_TRUE='#'
INSTALL_DATA='${INSTALL} -m 644'
INSTALL_PROGRAM='${INSTALL}'
INSTALL_SCRIPT='${INSTALL}'
INSTALL_STRIP_PROGRAM='$(install_sh) -c -s'
LD='/usr/bin/ld -m elf_x86_64'
LDFLAGS=''
LIBNFC_CFLAGS='-I$(top_srcdir)/libnfc -I$(top_builddir)/include -I$(top_srcdir)/include'
LIBOBJS=''
LIBS=''
LIBTOOL='$(SHELL) $(top_builddir)/libtool'
LIBUSB_ENABLED_FALSE='#'
LIBUSB_ENABLED_TRUE=''
LIPO=''
LN_S='ln -s'
LTLIBOBJS=''
MAKEINFO='${SHELL} /home/redbandit/workspace/ndkLibNFC/jni/citisolo-libnfc-andro/missing --run makeinfo'
MANIFEST_TOOL=':'
MKDIR_P='/bin/mkdir -p'
NM='/usr/bin/nm -B'
NMEDIT=''
OBJDUMP='objdump'
OBJEXT='o'
OTOOL64=''
OTOOL=''
PACKAGE='libnfc'
PACKAGE_BUGREPORT='nfc-tools@googlegroups.com'
PACKAGE_NAME='libnfc'
PACKAGE_STRING='libnfc 1.7.0'
PACKAGE_TARNAME='libnfc'
PACKAGE_URL=''
PACKAGE_VERSION='1.7.0'
PATH_SEPARATOR=':'
PCSC_ENABLED_FALSE=''
PCSC_ENABLED_TRUE='#'
PKG_CONFIG='/usr/bin/pkg-config'
PKG_CONFIG_LIBDIR=''
PKG_CONFIG_PATH=''
PKG_CONFIG_REQUIRES=' libusb'
POSIX_ONLY_EXAMPLES_ENABLED_FALSE='#'
POSIX_ONLY_EXAMPLES_ENABLED_TRUE=''
RANLIB='ranlib'
READLINE_INCLUDES=''
READLINE_LIBS=''
SED='/bin/sed'
SET_MAKE=''
SHELL='/bin/bash'
SPI_ENABLED_FALSE=''
SPI_ENABLED_TRUE='#'
STRIP='strip'
UART_ENABLED_FALSE=''
UART_ENABLED_TRUE='#'
VERSION='1.7.0'
WITH_CONFFILES_FALSE='#'
WITH_CONFFILES_TRUE=''
WITH_CUTTER_FALSE=''
WITH_CUTTER_TRUE='#'
WITH_DEBUG_FALSE=''
WITH_DEBUG_TRUE='#'
WITH_ENVVARS_FALSE='#'
WITH_ENVVARS_TRUE=''
WITH_LOG_FALSE='#'
WITH_LOG_TRUE=''
ac_ct_AR='ar'
ac_ct_CC='gcc'
ac_ct_DUMPBIN=''
am__EXEEXT_FALSE=''
am__EXEEXT_TRUE='#'
am__fastdepCC_FALSE='#'
am__fastdepCC_TRUE=''
am__include='include'
am__isrc=''
am__leading_dot='.'
am__nodep='_no'
am__quote=''
am__tar='$${TAR-tar} chof - "$$tardir"'
am__untar='$${TAR-tar} xf -'
bindir='${exec_prefix}/bin'
build='x86_64-unknown-linux-gnu'
build_alias=''
build_cpu='x86_64'
build_os='linux-gnu'
build_vendor='unknown'
datadir='${datarootdir}'
datarootdir='${prefix}/share'
docdir='${datarootdir}/doc/${PACKAGE_TARNAME}'
dvidir='${docdir}'
exec_prefix='${prefix}'
host='x86_64-unknown-linux-gnu'
host_alias=''
host_cpu='x86_64'
host_os='linux-gnu'
host_vendor='unknown'
htmldir='${docdir}'
includedir='${prefix}/include'
infodir='${datarootdir}/info'
install_sh='${SHELL} /home/redbandit/workspace/ndkLibNFC/jni/citisolo-libnfc-andro/install-sh'
libdir='${exec_prefix}/lib'
libexecdir='${exec_prefix}/libexec'
libpcsclite_CFLAGS=''
libpcsclite_LIBS=''
libusb_CFLAGS=' '
libusb_CONFIG=''
libusb_LIBS='-lusb  '
localedir='${datarootdir}/locale'
localstatedir='${prefix}/var'
mandir='${datarootdir}/man'
mkdir_p='/bin/mkdir -p'
oldincludedir='/usr/include'
pdfdir='${docdir}'
prefix='/usr/local'
program_transform_name='s,x,x,'
psdir='${docdir}'
sbindir='${exec_prefix}/sbin'
sharedstatedir='${prefix}/com'
sysconfdir='${prefix}/etc'
target_alias=''

## ----------- ##
## confdefs.h. ##
## ----------- ##

/* confdefs.h */
#define PACKAGE_NAME "libnfc"
#define PACKAGE_TARNAME "libnfc"
#define PACKAGE_VERSION "1.7.0"
#define PACKAGE_STRING "libnfc 1.7.0"
#define PACKAGE_BUGREPORT "nfc-tools@googlegroups.com"
#define PACKAGE_URL ""
#define GIT_REVISION "libnfc-1.7.0-46-g59877d2"
#define PACKAGE "libnfc"
#define VERSION "1.7.0"
#define STDC_HEADERS 1
#define HAVE_SYS_TYPES_H 1
#define HAVE_SYS_STAT_H 1
#define HAVE_STDLIB_H 1
#define HAVE_STRING_H 1
#define HAVE_MEMORY_H 1
#define HAVE_STRINGS_H 1
#define HAVE_INTTYPES_H 1
#define HAVE_STDINT_H 1
#define HAVE_UNISTD_H 1
#define HAVE_DLFCN_H 1
#define LT_OBJDIR ".libs/"
#define STDC_HEADERS 1
#define HAVE__BOOL 1
#define HAVE_STDBOOL_H 1
#define HAVE_FCNTL_H 1
#define HAVE_LIMITS_H 1
#define HAVE_STDIO_H 1
#define HAVE_STDLIB_H 1
#define HAVE_STDINT_H 1
#define HAVE_STDDEF_H 1
#define HAVE_STDBOOL_H 1
#define HAVE_SYS_IOCTL_H 1
#define HAVE_SYS_PARAM_H 1
#define HAVE_SYS_TIME_H 1
#define HAVE_TERMIOS_H 1
#define HAVE_LINUX_SPI_SPIDEV_H 1
#define HAVE_LINUX_I2C_DEV_H 1
#define HAVE_MEMMOVE 1
#define _XOPEN_SOURCE 600
#define HAVE_MEMSET 1
#define _XOPEN_SOURCE 600
#define HAVE_SELECT 1
#define _XOPEN_SOURCE 600
#define HAVE_STRDUP 1
#define _XOPEN_SOURCE 600
#define HAVE_STRERROR 1
#define _XOPEN_SOURCE 600
#define HAVE_STRSTR 1
#define _XOPEN_SOURCE 600
#define HAVE_STRTOL 1
#define _XOPEN_SOURCE 600
#define HAVE_USLEEP 1
#define _XOPEN_SOURCE 600
#define _NETBSD_SOURCE 1
#define _DARWIN_C_SOURCE 1
#define LOG 1
#define CONFFILES 1
#define ENVVARS 1

configure: exit 0
